<?xml version="1.0" encoding="UTF-8"?>
<!-- Generated by org.testng.reporters.JUnitReportReporter -->
<testsuite hostname="Harishkumar" failures="0" tests="1" name="com.tricenties.testscripts.Electronics" time="13.448" errors="0" timestamp="2025-12-26T08:52:00 IST" skipped="0">
  <testcase classname="com.tricenties.testscripts.Electronics" name="electronic" time="13.448">
    <system-out>
      <![CDATA[electronic has been passed]]>
    </system-out>
  </testcase> <!-- electronic -->
  <system-out>
    <![CDATA[electronic has been passed]]>
  </system-out>
</testsuite> <!-- com.tricenties.testscripts.Electronics -->
