<?xml version="1.0" encoding="UTF-8"?>
<!-- Generated by org.testng.reporters.JUnitReportReporter -->
<testsuite hostname="Harishkumar" failures="0" tests="1" name="com.tricentis.testscripts.HomePageTest" time="31.952" errors="0" timestamp="2025-12-26T13:07:56 IST" skipped="0">
  <testcase classname="com.tricentis.testscripts.HomePageTest" name="home" time="31.952">
    <system-out>
      <![CDATA[home has been passed]]>
    </system-out>
  </testcase> <!-- home -->
  <system-out>
    <![CDATA[home has been passed
shopping has been skipped
checkout has been skipped]]>
  </system-out>
</testsuite> <!-- com.tricentis.testscripts.HomePageTest -->
