<?xml version="1.0" encoding="UTF-8"?>
<!-- Generated by org.testng.reporters.JUnitReportReporter -->
<testsuite hostname="Harishkumar" failures="0" tests="1" name="com.tricenties.pom.LoginPage" time="0.012" errors="0" timestamp="2025-12-25T12:26:11 IST" skipped="0">
  <testcase classname="com.tricenties.pom.LoginPage" name="login" time="0.012">
    <system-out>
      <![CDATA[jhdag]]>
    </system-out>
  </testcase> <!-- login -->
  <system-out>
    <![CDATA[jhdag]]>
  </system-out>
</testsuite> <!-- com.tricenties.pom.LoginPage -->
