<?xml version="1.0" encoding="UTF-8"?>
<!-- Generated by org.testng.reporters.JUnitReportReporter -->
<testsuite hostname="Harishkumar" failures="0" tests="1" name="com.tricentis.testscripts.GiftCards" time="15.389" errors="0" timestamp="2026-05-20T21:20:49 IST" skipped="0">
  <testcase classname="com.tricentis.testscripts.GiftCards" name="gift" time="15.389">
    <system-out>
      <![CDATA[gift has been passed]]>
    </system-out>
  </testcase> <!-- gift -->
  <system-out>
    <![CDATA[electronic has been passed
gift has been passed]]>
  </system-out>
</testsuite> <!-- com.tricentis.testscripts.GiftCards -->
